{"name":"hexo","hostname":"YQBSH-L1597","pid":9924,"level":20,"msg":"Hexo version: 3.2.2","time":"2017-03-21T06:57:14.887Z","v":0}
{"name":"hexo","hostname":"YQBSH-L1597","pid":9924,"level":20,"msg":"Working directory: D:\\test\\","time":"2017-03-21T06:57:14.890Z","v":0}
{"name":"hexo","hostname":"YQBSH-L1597","pid":9924,"level":20,"msg":"Config loaded: D:\\test\\_config.yml","time":"2017-03-21T06:57:15.321Z","v":0}
{"name":"hexo","hostname":"YQBSH-L1597","pid":9924,"level":20,"msg":"Plugin loaded: hexo-generator-archive","time":"2017-03-21T06:57:15.357Z","v":0}
{"name":"hexo","hostname":"YQBSH-L1597","pid":9924,"level":20,"msg":"Plugin loaded: hexo-generator-category","time":"2017-03-21T06:57:15.362Z","v":0}
{"name":"hexo","hostname":"YQBSH-L1597","pid":9924,"level":20,"msg":"Plugin loaded: hexo-generator-index","time":"2017-03-21T06:57:15.368Z","v":0}
{"name":"hexo","hostname":"YQBSH-L1597","pid":9924,"level":20,"msg":"Plugin loaded: hexo-generator-tag","time":"2017-03-21T06:57:15.372Z","v":0}
{"name":"hexo","hostname":"YQBSH-L1597","pid":9924,"level":20,"msg":"Plugin loaded: hexo-renderer-ejs","time":"2017-03-21T06:57:15.382Z","v":0}
{"name":"hexo","hostname":"YQBSH-L1597","pid":9924,"level":20,"msg":"Plugin loaded: hexo-renderer-stylus","time":"2017-03-21T06:57:15.385Z","v":0}
{"name":"hexo","hostname":"YQBSH-L1597","pid":9924,"level":20,"msg":"Plugin loaded: hexo-renderer-marked","time":"2017-03-21T06:57:15.406Z","v":0}
{"name":"hexo","hostname":"YQBSH-L1597","pid":9924,"level":20,"msg":"Plugin loaded: hexo-server","time":"2017-03-21T06:57:15.619Z","v":0}
{"name":"hexo","hostname":"YQBSH-L1597","pid":9924,"level":20,"msg":"Loading database.","time":"2017-03-21T06:57:15.637Z","v":0}
{"name":"hexo","hostname":"YQBSH-L1597","pid":9924,"level":30,"msg":"Start processing","time":"2017-03-21T06:57:15.703Z","v":0}
{"name":"hexo","hostname":"YQBSH-L1597","pid":9924,"level":20,"msg":"Processed: _posts/hello-world.md","time":"2017-03-21T06:57:15.741Z","v":0}
{"name":"hexo","hostname":"YQBSH-L1597","pid":9924,"level":20,"msg":"Generator: page","time":"2017-03-21T06:57:15.819Z","v":0}
{"name":"hexo","hostname":"YQBSH-L1597","pid":9924,"level":20,"msg":"Generator: post","time":"2017-03-21T06:57:15.819Z","v":0}
{"name":"hexo","hostname":"YQBSH-L1597","pid":9924,"level":20,"msg":"Generator: archive","time":"2017-03-21T06:57:15.819Z","v":0}
{"name":"hexo","hostname":"YQBSH-L1597","pid":9924,"level":20,"msg":"Generator: category","time":"2017-03-21T06:57:15.819Z","v":0}
{"name":"hexo","hostname":"YQBSH-L1597","pid":9924,"level":20,"msg":"Generator: index","time":"2017-03-21T06:57:15.819Z","v":0}
{"name":"hexo","hostname":"YQBSH-L1597","pid":9924,"level":20,"msg":"Generator: tag","time":"2017-03-21T06:57:15.819Z","v":0}
{"name":"hexo","hostname":"YQBSH-L1597","pid":9924,"level":20,"msg":"Generator: asset","time":"2017-03-21T06:57:15.823Z","v":0}
{"name":"hexo","hostname":"YQBSH-L1597","pid":9924,"level":30,"msg":"Hexo is running at http://localhost:4000/. Press Ctrl+C to stop.","time":"2017-03-21T06:57:15.832Z","v":0}
{"name":"hexo","hostname":"YQBSH-L1597","pid":9924,"level":20,"msg":"Database saved","time":"2017-03-21T06:57:15.848Z","v":0}
{"name":"hexo","hostname":"YQBSH-L1597","pid":9924,"level":40,"msg":"No layout: index.html","time":"2017-03-21T07:00:09.829Z","v":0}
{"name":"hexo","hostname":"YQBSH-L1597","pid":9924,"level":40,"msg":"No layout: index.html","time":"2017-03-21T07:03:55.520Z","v":0}
{"name":"hexo","hostname":"YQBSH-L1597","pid":4428,"level":20,"msg":"Hexo version: 3.2.2","time":"2017-03-21T07:07:54.990Z","v":0}
{"name":"hexo","hostname":"YQBSH-L1597","pid":4428,"level":20,"msg":"Working directory: D:\\test\\","time":"2017-03-21T07:07:54.994Z","v":0}
{"name":"hexo","hostname":"YQBSH-L1597","pid":4428,"level":20,"msg":"Config loaded: D:\\test\\_config.yml","time":"2017-03-21T07:07:55.387Z","v":0}
{"name":"hexo","hostname":"YQBSH-L1597","pid":4428,"level":20,"msg":"Plugin loaded: hexo-generator-archive","time":"2017-03-21T07:07:55.415Z","v":0}
{"name":"hexo","hostname":"YQBSH-L1597","pid":4428,"level":20,"msg":"Plugin loaded: hexo-generator-category","time":"2017-03-21T07:07:55.420Z","v":0}
{"name":"hexo","hostname":"YQBSH-L1597","pid":4428,"level":20,"msg":"Plugin loaded: hexo-generator-index","time":"2017-03-21T07:07:55.426Z","v":0}
{"name":"hexo","hostname":"YQBSH-L1597","pid":4428,"level":20,"msg":"Plugin loaded: hexo-generator-tag","time":"2017-03-21T07:07:55.430Z","v":0}
{"name":"hexo","hostname":"YQBSH-L1597","pid":4428,"level":20,"msg":"Plugin loaded: hexo-renderer-ejs","time":"2017-03-21T07:07:55.440Z","v":0}
{"name":"hexo","hostname":"YQBSH-L1597","pid":4428,"level":20,"msg":"Plugin loaded: hexo-renderer-stylus","time":"2017-03-21T07:07:55.443Z","v":0}
{"name":"hexo","hostname":"YQBSH-L1597","pid":4428,"level":20,"msg":"Plugin loaded: hexo-renderer-marked","time":"2017-03-21T07:07:55.458Z","v":0}
{"name":"hexo","hostname":"YQBSH-L1597","pid":4428,"level":20,"msg":"Plugin loaded: hexo-server","time":"2017-03-21T07:07:55.654Z","v":0}
{"name":"hexo","hostname":"YQBSH-L1597","pid":4428,"level":20,"msg":"Loading database.","time":"2017-03-21T07:07:55.671Z","v":0}
{"name":"hexo","hostname":"YQBSH-L1597","pid":4428,"level":30,"msg":"Start processing","time":"2017-03-21T07:07:55.739Z","v":0}
{"name":"hexo","hostname":"YQBSH-L1597","pid":4428,"level":20,"msg":"Processed: _posts/hello-world.md","time":"2017-03-21T07:07:55.774Z","v":0}
{"name":"hexo","hostname":"YQBSH-L1597","pid":4428,"level":20,"msg":"Generator: page","time":"2017-03-21T07:07:55.846Z","v":0}
{"name":"hexo","hostname":"YQBSH-L1597","pid":4428,"level":20,"msg":"Generator: post","time":"2017-03-21T07:07:55.846Z","v":0}
{"name":"hexo","hostname":"YQBSH-L1597","pid":4428,"level":20,"msg":"Generator: archive","time":"2017-03-21T07:07:55.846Z","v":0}
{"name":"hexo","hostname":"YQBSH-L1597","pid":4428,"level":20,"msg":"Generator: category","time":"2017-03-21T07:07:55.846Z","v":0}
{"name":"hexo","hostname":"YQBSH-L1597","pid":4428,"level":20,"msg":"Generator: index","time":"2017-03-21T07:07:55.846Z","v":0}
{"name":"hexo","hostname":"YQBSH-L1597","pid":4428,"level":20,"msg":"Generator: tag","time":"2017-03-21T07:07:55.846Z","v":0}
{"name":"hexo","hostname":"YQBSH-L1597","pid":4428,"level":20,"msg":"Generator: asset","time":"2017-03-21T07:07:55.850Z","v":0}
{"name":"hexo","hostname":"YQBSH-L1597","pid":4428,"level":30,"msg":"Hexo is running at http://localhost:4000/. Press Ctrl+C to stop.","time":"2017-03-21T07:07:55.860Z","v":0}
{"name":"hexo","hostname":"YQBSH-L1597","pid":4428,"level":20,"msg":"Database saved","time":"2017-03-21T07:07:55.875Z","v":0}
{"name":"hexo","hostname":"YQBSH-L1597","pid":11768,"level":20,"msg":"Hexo version: 3.2.2","time":"2017-03-21T07:13:57.447Z","v":0}
{"name":"hexo","hostname":"YQBSH-L1597","pid":11768,"level":20,"msg":"Working directory: D:\\test\\","time":"2017-03-21T07:13:57.451Z","v":0}
{"name":"hexo","hostname":"YQBSH-L1597","pid":11768,"level":20,"msg":"Config loaded: D:\\test\\_config.yml","time":"2017-03-21T07:13:57.871Z","v":0}
{"name":"hexo","hostname":"YQBSH-L1597","pid":11768,"level":20,"msg":"Plugin loaded: hexo-generator-category","time":"2017-03-21T07:13:57.899Z","v":0}
{"name":"hexo","hostname":"YQBSH-L1597","pid":11768,"level":20,"msg":"Plugin loaded: hexo-generator-index","time":"2017-03-21T07:13:57.904Z","v":0}
{"name":"hexo","hostname":"YQBSH-L1597","pid":11768,"level":20,"msg":"Plugin loaded: hexo-generator-tag","time":"2017-03-21T07:13:57.908Z","v":0}
{"name":"hexo","hostname":"YQBSH-L1597","pid":11768,"level":20,"msg":"Plugin loaded: hexo-renderer-ejs","time":"2017-03-21T07:13:57.917Z","v":0}
{"name":"hexo","hostname":"YQBSH-L1597","pid":11768,"level":20,"msg":"Plugin loaded: hexo-renderer-stylus","time":"2017-03-21T07:13:57.920Z","v":0}
{"name":"hexo","hostname":"YQBSH-L1597","pid":11768,"level":20,"msg":"Plugin loaded: hexo-renderer-marked","time":"2017-03-21T07:13:57.936Z","v":0}
{"name":"hexo","hostname":"YQBSH-L1597","pid":11768,"level":20,"msg":"Plugin loaded: hexo-server","time":"2017-03-21T07:13:58.129Z","v":0}
{"name":"hexo","hostname":"YQBSH-L1597","pid":11768,"level":20,"msg":"Plugin loaded: hexo-generator-archive","time":"2017-03-21T07:13:58.135Z","v":0}
{"name":"hexo","hostname":"YQBSH-L1597","pid":11768,"level":20,"msg":"Loading database.","time":"2017-03-21T07:13:58.153Z","v":0}
{"name":"hexo","hostname":"YQBSH-L1597","pid":11768,"level":30,"msg":"Start processing","time":"2017-03-21T07:13:58.165Z","v":0}
{"name":"hexo","hostname":"YQBSH-L1597","pid":11768,"level":20,"msg":"Processed: _posts/hello-world.md","time":"2017-03-21T07:13:58.210Z","v":0}
{"name":"hexo","hostname":"YQBSH-L1597","pid":11768,"level":20,"msg":"Generator: page","time":"2017-03-21T07:13:58.514Z","v":0}
{"name":"hexo","hostname":"YQBSH-L1597","pid":11768,"level":20,"msg":"Generator: post","time":"2017-03-21T07:13:58.514Z","v":0}
{"name":"hexo","hostname":"YQBSH-L1597","pid":11768,"level":20,"msg":"Generator: category","time":"2017-03-21T07:13:58.515Z","v":0}
{"name":"hexo","hostname":"YQBSH-L1597","pid":11768,"level":20,"msg":"Generator: index","time":"2017-03-21T07:13:58.515Z","v":0}
{"name":"hexo","hostname":"YQBSH-L1597","pid":11768,"level":20,"msg":"Generator: tag","time":"2017-03-21T07:13:58.515Z","v":0}
{"name":"hexo","hostname":"YQBSH-L1597","pid":11768,"level":20,"msg":"Generator: archive","time":"2017-03-21T07:13:58.515Z","v":0}
{"name":"hexo","hostname":"YQBSH-L1597","pid":11768,"level":20,"msg":"Generator: asset","time":"2017-03-21T07:13:58.516Z","v":0}
{"name":"hexo","hostname":"YQBSH-L1597","pid":11768,"level":30,"msg":"Hexo is running at http://localhost:4000/. Press Ctrl+C to stop.","time":"2017-03-21T07:13:58.525Z","v":0}
{"name":"hexo","hostname":"YQBSH-L1597","pid":11768,"level":20,"msg":"Database saved","time":"2017-03-21T07:13:58.531Z","v":0}
{"name":"hexo","hostname":"YQBSH-L1597","pid":11768,"level":40,"msg":"No layout: index.html","time":"2017-03-21T07:53:36.761Z","v":0}
{"name":"hexo","hostname":"YQBSH-L1597","pid":11768,"level":40,"msg":"No layout: index.html","time":"2017-03-21T07:53:38.503Z","v":0}
{"name":"hexo","hostname":"YQBSH-L1597","pid":11768,"level":40,"msg":"No layout: index.html","time":"2017-03-21T07:53:38.864Z","v":0}
{"name":"hexo","hostname":"YQBSH-L1597","pid":11768,"level":40,"msg":"No layout: index.html","time":"2017-03-21T07:53:39.058Z","v":0}
{"name":"hexo","hostname":"YQBSH-L1597","pid":11768,"level":40,"msg":"No layout: index.html","time":"2017-03-21T07:53:39.244Z","v":0}
{"name":"hexo","hostname":"YQBSH-L1597","pid":11768,"level":40,"msg":"No layout: index.html","time":"2017-03-21T07:53:39.410Z","v":0}
{"name":"hexo","hostname":"YQBSH-L1597","pid":11768,"level":40,"msg":"No layout: index.html","time":"2017-03-21T07:53:39.573Z","v":0}
{"name":"hexo","hostname":"YQBSH-L1597","pid":11768,"level":40,"msg":"No layout: index.html","time":"2017-03-21T07:53:39.743Z","v":0}
{"name":"hexo","hostname":"YQBSH-L1597","pid":11768,"level":40,"msg":"No layout: index.html","time":"2017-03-21T07:53:39.899Z","v":0}
{"name":"hexo","hostname":"YQBSH-L1597","pid":11768,"level":40,"msg":"No layout: index.html","time":"2017-03-21T07:53:40.182Z","v":0}
{"name":"hexo","hostname":"YQBSH-L1597","pid":11768,"level":40,"msg":"No layout: index.html","time":"2017-03-21T07:53:46.762Z","v":0}
